<?xml version="1.0" encoding="UTF-8"?>
<testng-results skipped="0" failed="0" ignored="0" total="1" passed="1">
  <reporter-output>
  </reporter-output>
  <suite name="Default suite" duration-ms="18562" started-at="2020-12-06T18:29:53Z" finished-at="2020-12-06T18:30:12Z">
    <groups>
    </groups>
    <test name="Default test" duration-ms="18562" started-at="2020-12-06T18:29:53Z" finished-at="2020-12-06T18:30:12Z">
      <class name="driverPractice.OpenBrowser2">
        <test-method status="PASS" signature="pokeBrowser()[pri:0, instance:driverPractice.OpenBrowser2@29176cc1]" name="pokeBrowser" duration-ms="18535" started-at="2020-12-06T18:29:53Z" finished-at="2020-12-06T18:30:12Z">
          <reporter-output>
          </reporter-output>
        </test-method> <!-- pokeBrowser -->
      </class> <!-- driverPractice.OpenBrowser2 -->
    </test> <!-- Default test -->
  </suite> <!-- Default suite -->
</testng-results>
